++ date -u
+ echo '=== Phase 2 start at Fri Apr 17 15:02:59 UTC 2026 ==='
=== Phase 2 start at Fri Apr 17 15:02:59 UTC 2026 ===
+ [[ -f /var/lib/aegisbpf-soak-done ]]
+ cat /sys/kernel/security/lsm
lockdown,capability,landlock,yama,apparmor,bpf,ima,evm+ grep -q bpf /sys/kernel/security/lsm
+ mkdir -p /opt
+ cd /opt
+ [[ ! -d aegisbpf ]]
+ git clone --depth 1 --branch main https://github.com/ErenAri/Aegis-BPF.git aegisbpf
Cloning into 'aegisbpf'...
+ cd aegisbpf
+ cmake -S . -B build -G Ninja -DCMAKE_BUILD_TYPE=Release -DBUILD_TESTING=OFF
-- The C compiler identification is GNU 13.3.0
-- The CXX compiler identification is GNU 13.3.0
-- Detecting C compiler ABI info
-- Detecting C compiler ABI info - done
-- Check for working C compiler: /usr/bin/cc - skipped
-- Detecting C compile features
-- Detecting C compile features - done
-- Detecting CXX compiler ABI info
-- Detecting CXX compiler ABI info - done
-- Check for working CXX compiler: /usr/bin/c++ - skipped
-- Detecting CXX compile features
-- Detecting CXX compile features - done
-- Found PkgConfig: /usr/bin/pkg-config (found version "1.8.1") 
-- Checking for module 'libbpf'
--   Found libbpf, version 1.3.0
-- Using system libbpf
-- Found ZLIB: /usr/lib/x86_64-linux-gnu/libz.so (found version "1.3")  
-- Configuring done (3.4s)
-- Generating done (0.0s)
-- Build files have been written to: /opt/aegisbpf/build
+ cmake --build build --parallel 1
[1/103] Building CXX object CMakeFiles/aegisbpf_lib.dir/src/binary_scan.cpp.o
[2/103] Building CXX object CMakeFiles/aegisbpf_lib.dir/src/commands_block_allow.cpp.o
[3/103] Building CXX object CMakeFiles/aegisbpf_lib.dir/src/commands_cgroup.cpp.o
[4/103] Building CXX object CMakeFiles/aegisbpf_lib.dir/src/commands_emergency.cpp.o
[5/103] Building CXX object CMakeFiles/aegisbpf_lib.dir/src/commands_explain.cpp.o
[6/103] Building CXX object CMakeFiles/aegisbpf_lib.dir/src/commands_health.cpp.o
[7/103] Building CXX object CMakeFiles/aegisbpf_lib.dir/src/commands_network.cpp.o
[8/103] Building CXX object CMakeFiles/aegisbpf_lib.dir/src/commands_policy.cpp.o
[9/103] Building CXX object CMakeFiles/aegisbpf_lib.dir/src/commands_probe.cpp.o
[10/103] Building CXX object CMakeFiles/aegisbpf_lib.dir/src/commands_metrics.cpp.o
[11/103] Building CXX object CMakeFiles/aegisbpf_lib.dir/src/commands_keys_survival.cpp.o
[12/103] Building CXX object CMakeFiles/aegisbpf_lib.dir/src/commands_monitoring.cpp.o
[13/103] Building CXX object CMakeFiles/aegisbpf_lib.dir/src/control.cpp.o
[14/103] Building CXX object CMakeFiles/aegisbpf_lib.dir/src/daemon.cpp.o
[15/103] Building CXX object CMakeFiles/aegisbpf_lib.dir/src/daemon_policy_gate.cpp.o
[16/103] Building CXX object CMakeFiles/aegisbpf_lib.dir/src/daemon_posture.cpp.o
[17/103] Building CXX object CMakeFiles/aegisbpf_lib.dir/src/daemon_runtime.cpp.o
[18/103] Building CXX object CMakeFiles/aegisbpf_lib.dir/src/bpf_attach.cpp.o
[19/103] Building CXX object CMakeFiles/aegisbpf_lib.dir/src/bpf_config.cpp.o
[20/103] Building CXX object CMakeFiles/aegisbpf_lib.dir/src/bpf_integrity.cpp.o
[21/103] Building CXX object CMakeFiles/aegisbpf_lib.dir/src/bpf_maps.cpp.o
[22/103] Building CXX object CMakeFiles/aegisbpf_lib.dir/src/bpf_ops.cpp.o
[23/103] Building CXX object CMakeFiles/aegisbpf_lib.dir/src/crypto.cpp.o
[24/103] Building CXX object CMakeFiles/aegisbpf_lib.dir/src/exec_identity.cpp.o
[25/103] Building CXX object CMakeFiles/aegisbpf_lib.dir/src/events.cpp.o
[26/103] Building CXX object CMakeFiles/aegisbpf_lib.dir/src/json_scan.cpp.o
[27/103] Building CXX object CMakeFiles/aegisbpf_lib.dir/src/kernel_features.cpp.o
[28/103] Building CXX object CMakeFiles/aegisbpf_lib.dir/src/network_ops.cpp.o
[29/103] Building CXX object CMakeFiles/aegisbpf_lib.dir/src/otlp_exporter.cpp.o
[30/103] Building CXX object CMakeFiles/aegisbpf_lib.dir/src/socket_api.cpp.o
[31/103] Building CXX object CMakeFiles/aegisbpf_lib.dir/src/policy.cpp.o
[32/103] Building CXX object CMakeFiles/aegisbpf_lib.dir/src/policy_parse.cpp.o
[33/103] Building CXX object CMakeFiles/aegisbpf_lib.dir/src/policy_runtime.cpp.o
[34/103] Building CXX object CMakeFiles/aegisbpf_lib.dir/src/seccomp.cpp.o
[35/103] Building CXX object CMakeFiles/aegisbpf_lib.dir/src/sha256.cpp.o
[36/103] Building C object CMakeFiles/aegisbpf_lib.dir/src/tweetnacl.c.o
[37/103] Building CXX object CMakeFiles/aegisbpf_lib.dir/src/utils.cpp.o
[38/103] Building CXX object CMakeFiles/aegisbpf_lib.dir/src/selftest.cpp.o
[39/103] Building CXX object CMakeFiles/aegisbpf_lib.dir/src/map_monitor.cpp.o
[40/103] Building CXX object CMakeFiles/aegisbpf_lib.dir/src/proc_scan.cpp.o
[41/103] Building CXX object CMakeFiles/aegisbpf_lib.dir/src/bpf_signing.cpp.o
[42/103] Building CXX object CMakeFiles/aegisbpf_lib.dir/src/binary_hash.cpp.o
[43/103] Building CXX object CMakeFiles/aegisbpf_lib.dir/src/rule_engine.cpp.o
[44/103] Building CXX object CMakeFiles/aegisbpf_lib.dir/src/plugin.cpp.o
[45/103] Building CXX object CMakeFiles/aegisbpf_lib.dir/src/k8s_identity.cpp.o
[46/103] Linking CXX static library libaegisbpf_lib.a
[47/103] Generating vmlinux.h
[48/103] Generating aegis.bpf.o
[49/103] Generating aegis.bpf.sha256
[50/103] Generating aegis.skel.h
[51/103] Building CXX object CMakeFiles/aegisbpf.dir/src/main.cpp.o
[52/103] Building CXX object CMakeFiles/aegisbpf.dir/src/binary_scan.cpp.o
[53/103] Building CXX object CMakeFiles/aegisbpf.dir/src/cli_cgroup.cpp.o
[54/103] Building CXX object CMakeFiles/aegisbpf.dir/src/cli_common.cpp.o
[55/103] Building CXX object CMakeFiles/aegisbpf.dir/src/cli_dispatch.cpp.o
[56/103] Building CXX object CMakeFiles/aegisbpf.dir/src/cli_network.cpp.o
[57/103] Building CXX object CMakeFiles/aegisbpf.dir/src/cli_policy.cpp.o
[58/103] Building CXX object CMakeFiles/aegisbpf.dir/src/cli_run.cpp.o
[59/103] Building CXX object CMakeFiles/aegisbpf.dir/src/commands_block_allow.cpp.o
[60/103] Building CXX object CMakeFiles/aegisbpf.dir/src/commands_cgroup.cpp.o
[61/103] Building CXX object CMakeFiles/aegisbpf.dir/src/commands_emergency.cpp.o
[62/103] Building CXX object CMakeFiles/aegisbpf.dir/src/commands_explain.cpp.o
[63/103] Building CXX object CMakeFiles/aegisbpf.dir/src/commands_health.cpp.o
[64/103] Building CXX object CMakeFiles/aegisbpf.dir/src/commands_network.cpp.o
[65/103] Building CXX object CMakeFiles/aegisbpf.dir/src/commands_policy.cpp.o
[66/103] Building CXX object CMakeFiles/aegisbpf.dir/src/commands_probe.cpp.o
[67/103] Building CXX object CMakeFiles/aegisbpf.dir/src/commands_metrics.cpp.o
[68/103] Building CXX object CMakeFiles/aegisbpf.dir/src/commands_keys_survival.cpp.o
[69/103] Building CXX object CMakeFiles/aegisbpf.dir/src/commands_monitoring.cpp.o
[70/103] Building CXX object CMakeFiles/aegisbpf.dir/src/control.cpp.o
[71/103] Building CXX object CMakeFiles/aegisbpf.dir/src/daemon.cpp.o
[72/103] Building CXX object CMakeFiles/aegisbpf.dir/src/daemon_policy_gate.cpp.o
[73/103] Building CXX object CMakeFiles/aegisbpf.dir/src/daemon_posture.cpp.o
[74/103] Building CXX object CMakeFiles/aegisbpf.dir/src/daemon_runtime.cpp.o
[75/103] Building CXX object CMakeFiles/aegisbpf.dir/src/bpf_attach.cpp.o
[76/103] Building CXX object CMakeFiles/aegisbpf.dir/src/bpf_config.cpp.o
[77/103] Building CXX object CMakeFiles/aegisbpf.dir/src/bpf_integrity.cpp.o
[78/103] Building CXX object CMakeFiles/aegisbpf.dir/src/bpf_maps.cpp.o
[79/103] Building CXX object CMakeFiles/aegisbpf.dir/src/bpf_ops.cpp.o
[80/103] Building CXX object CMakeFiles/aegisbpf.dir/src/crypto.cpp.o
[81/103] Building CXX object CMakeFiles/aegisbpf.dir/src/exec_identity.cpp.o
[82/103] Building CXX object CMakeFiles/aegisbpf.dir/src/events.cpp.o
[83/103] Building CXX object CMakeFiles/aegisbpf.dir/src/json_scan.cpp.o
[84/103] Building CXX object CMakeFiles/aegisbpf.dir/src/kernel_features.cpp.o
[85/103] Building CXX object CMakeFiles/aegisbpf.dir/src/network_ops.cpp.o
[86/103] Building CXX object CMakeFiles/aegisbpf.dir/src/otlp_exporter.cpp.o
[87/103] Building CXX object CMakeFiles/aegisbpf.dir/src/socket_api.cpp.o
[88/103] Building CXX object CMakeFiles/aegisbpf.dir/src/policy.cpp.o
[89/103] Building CXX object CMakeFiles/aegisbpf.dir/src/policy_parse.cpp.o
[90/103] Building CXX object CMakeFiles/aegisbpf.dir/src/policy_runtime.cpp.o
[91/103] Building CXX object CMakeFiles/aegisbpf.dir/src/seccomp.cpp.o
[92/103] Building CXX object CMakeFiles/aegisbpf.dir/src/sha256.cpp.o
[93/103] Building C object CMakeFiles/aegisbpf.dir/src/tweetnacl.c.o
[94/103] Building CXX object CMakeFiles/aegisbpf.dir/src/utils.cpp.o
[95/103] Building CXX object CMakeFiles/aegisbpf.dir/src/selftest.cpp.o
[96/103] Building CXX object CMakeFiles/aegisbpf.dir/src/map_monitor.cpp.o
[97/103] Building CXX object CMakeFiles/aegisbpf.dir/src/proc_scan.cpp.o
[98/103] Building CXX object CMakeFiles/aegisbpf.dir/src/bpf_signing.cpp.o
[99/103] Building CXX object CMakeFiles/aegisbpf.dir/src/binary_hash.cpp.o
[100/103] Building CXX object CMakeFiles/aegisbpf.dir/src/rule_engine.cpp.o
[101/103] Building CXX object CMakeFiles/aegisbpf.dir/src/plugin.cpp.o
[102/103] Building CXX object CMakeFiles/aegisbpf.dir/src/k8s_identity.cpp.o
[103/103] Linking CXX executable aegisbpf
+ BUILD_RC=0
+ [[ 0 -ne 0 ]]
+ [[ ! -x build/aegisbpf ]]
+ ./build/aegisbpf version
aegisbpf 0.1.0
+ mkdir -p /opt/aegisbpf/artifacts/soak-24h
+ set +e
+ AEGIS_BIN=./build/aegisbpf
+ SOAK_MODE=audit
+ SOAK_NET_WORKLOAD=1
+ DURATION_SECONDS=86400
+ MAX_RINGBUF_DROPS=2000
+ MAX_RSS_GROWTH_KB=131072
+ MAX_EVENT_DROP_RATIO_PCT=0.1
+ MIN_TOTAL_DECISIONS=100
+ OUT_JSON=/opt/aegisbpf/artifacts/soak-24h/soak_summary.json
+ scripts/soak_reliability.sh
+ tee /opt/aegisbpf/artifacts/soak-24h/soak.log
starting daemon for soak test (mode=audit duration=86400s workers=4 net=1)
preloaded temporary soak block rule: /etc/hosts
starting network workload workers (UDP connect to 127.0.0.1:9)
initial RSS: 50616 kB
max RSS: 50704 kB (growth=88 kB)
max ringbuf drops: 0 (file=0, net=0)
max observed decision events: 3364250
max observed total events (decisions + drops): 3364250
max observed drop ratio: 0.000000% (target <= 0.1%)
soak reliability checks passed
+ SOAK_EXIT=0
+ set -u
+ uname -a
+ cat /etc/os-release
+ lscpu
+ free -m
+ cat /sys/kernel/security/lsm
+ echo 0
+ cp /var/log/aegisbpf-soak-setup.log /opt/aegisbpf/artifacts/soak-24h/
+ cp /var/log/aegisbpf-soak-phase2.log /opt/aegisbpf/artifacts/soak-24h/
